<?xml version="1.0" encoding="UTF-8"?>
<!-- Generated by org.testng.reporters.JUnitXMLReporter -->
<testsuite hostname="DESKTOP-QHJCD6D" ignored="0" name="verifyLogin" tests="1" failures="1" timestamp="01 Dec 2017 09:41:11 GMT" time="24.853" errors="0">
  <testcase name="verifyLogin" time="24.825" classname="com.TestCases.VerifyLogin">
    <failure type="java.lang.NullPointerException">
      <![CDATA[java.lang.NullPointerException
	at org.openqa.selenium.support.pagefactory.DefaultElementLocator.findElement(DefaultElementLocator.java:69)
	at org.openqa.selenium.support.pagefactory.internal.LocatingElementHandler.invoke(LocatingElementHandler.java:38)
	at com.sun.proxy.$Proxy5.click(Unknown Source)
	at com.Pages.BrowseCarPage.clickLearnMore(BrowseCarPage.java:35)
	at com.TestCases.VerifyLogin.verifyLogin(VerifyLogin.java:33)
	at java.util.concurrent.FutureTask.run(Unknown Source)
	at java.util.concurrent.ThreadPoolExecutor.runWorker(Unknown Source)
	at java.util.concurrent.ThreadPoolExecutor$Worker.run(Unknown Source)
	at java.lang.Thread.run(Unknown Source)
... Removed 16 stack frames]]>
    </failure>
  </testcase> <!-- verifyLogin -->
</testsuite> <!-- verifyLogin -->
